SF:lib\features\number_trivia\data\models\number_trivia_model.dart
DA:4,3
DA:5,1
DA:7,1
DA:8,1
DA:9,3
DA:12,1
DA:13,1
LF:7
LH:7
end_of_record
SF:lib\features\number_trivia\domain\entities\number_trivia_entity.dart
DA:7,5
DA:9,0
DA:10,0
LF:3
LH:1
end_of_record
SF:lib\core\errors\failures.dart
DA:4,1
DA:9,1
DA:10,1
DA:14,1
DA:15,1
LF:5
LH:5
end_of_record
SF:lib\features\number_trivia\data\repositories\number_trivia_repository_implementation.dart
DA:16,1
DA:20,1
DA:23,2
DA:26,2
DA:27,2
DA:28,1
DA:29,1
DA:30,2
DA:35,2
DA:36,1
DA:37,1
DA:38,2
DA:43,1
DA:45,2
DA:48,2
DA:49,2
DA:50,1
DA:51,1
DA:52,2
DA:57,2
DA:58,1
DA:59,1
DA:60,2
LF:23
LH:23
end_of_record
SF:lib\core\usecases\usecase.dart
DA:12,1
DA:14,0
DA:15,0
DA:19,0
DA:20,0
LF:5
LH:1
end_of_record
SF:lib\features\number_trivia\domain\usecases\get_concrete_number_trivia_usecase.dart
DA:11,1
DA:13,1
DA:16,3
LF:3
LH:3
end_of_record
SF:lib\features\number_trivia\domain\usecases\get_random_number_trivia_usecase.dart
DA:11,1
DA:13,1
DA:16,2
LF:3
LH:3
end_of_record
